<?xml version="1.0" encoding="UTF-8"?>
<coverage generated="1526825836543" clover="3.2.0">
  <project timestamp="1526825836543" name="All files">
    <metrics statements="62" coveredstatements="17" conditionals="40" coveredconditionals="9" methods="14" coveredmethods="7" elements="116" coveredelements="33" complexity="0" loc="62" ncloc="62" packages="2" files="4" classes="4">
      <package name="src">
        <metrics statements="51" coveredstatements="6" conditionals="31" coveredconditionals="0" methods="11" coveredmethods="4"/>
        <file name="App.js" path="/Users/julianhinsch/Desktop/projects/react-snake/client/src/App.js">
          <metrics statements="50" coveredstatements="5" conditionals="31" coveredconditionals="0" methods="11" coveredmethods="4"/>
          <line num="9" count="1" type="stmt"/>
          <line num="10" count="1" type="stmt"/>
          <line num="28" count="1" type="stmt"/>
          <line num="32" count="1" type="stmt"/>
          <line num="36" count="0" type="cond" truecount="0" falsecount="6"/>
          <line num="39" count="0" type="cond" truecount="0" falsecount="2"/>
          <line num="40" count="0" type="stmt"/>
          <line num="43" count="0" type="cond" truecount="0" falsecount="2"/>
          <line num="44" count="0" type="stmt"/>
          <line num="46" count="0" type="stmt"/>
          <line num="49" count="0" type="cond" truecount="0" falsecount="2"/>
          <line num="50" count="0" type="stmt"/>
          <line num="52" count="0" type="stmt"/>
          <line num="55" count="0" type="cond" truecount="0" falsecount="2"/>
          <line num="56" count="0" type="stmt"/>
          <line num="58" count="0" type="stmt"/>
          <line num="61" count="0" type="cond" truecount="0" falsecount="2"/>
          <line num="62" count="0" type="stmt"/>
          <line num="64" count="0" type="stmt"/>
          <line num="66" count="0" type="stmt"/>
          <line num="74" count="0" type="stmt"/>
          <line num="75" count="0" type="cond" truecount="0" falsecount="5"/>
          <line num="77" count="0" type="stmt"/>
          <line num="79" count="0" type="stmt"/>
          <line num="81" count="0" type="stmt"/>
          <line num="83" count="0" type="stmt"/>
          <line num="85" count="0" type="stmt"/>
          <line num="96" count="0" type="stmt"/>
          <line num="97" count="0" type="stmt"/>
          <line num="98" count="0" type="cond" truecount="0" falsecount="2"/>
          <line num="100" count="0" type="cond" truecount="0" falsecount="4"/>
          <line num="101" count="0" type="stmt"/>
          <line num="102" count="0" type="stmt"/>
          <line num="103" count="0" type="cond" truecount="0" falsecount="2"/>
          <line num="104" count="0" type="stmt"/>
          <line num="105" count="0" type="stmt"/>
          <line num="108" count="0" type="stmt"/>
          <line num="109" count="0" type="cond" truecount="0" falsecount="2"/>
          <line num="111" count="0" type="stmt"/>
          <line num="113" count="0" type="stmt"/>
          <line num="115" count="0" type="stmt"/>
          <line num="123" count="0" type="stmt"/>
          <line num="127" count="0" type="stmt"/>
          <line num="128" count="0" type="stmt"/>
          <line num="133" count="0" type="stmt"/>
          <line num="137" count="0" type="stmt"/>
          <line num="138" count="0" type="stmt"/>
          <line num="156" count="0" type="stmt"/>
          <line num="157" count="0" type="stmt"/>
          <line num="164" count="1" type="stmt"/>
        </file>
        <file name="setupTests.js" path="/Users/julianhinsch/Desktop/projects/react-snake/client/src/setupTests.js">
          <metrics statements="1" coveredstatements="1" conditionals="0" coveredconditionals="0" methods="0" coveredmethods="0"/>
          <line num="4" count="2" type="stmt"/>
        </file>
      </package>
      <package name="src.components">
        <metrics statements="11" coveredstatements="11" conditionals="9" coveredconditionals="9" methods="3" coveredmethods="3"/>
        <file name="Board.js" path="/Users/julianhinsch/Desktop/projects/react-snake/client/src/components/Board.js">
          <metrics statements="10" coveredstatements="10" conditionals="9" coveredconditionals="9" methods="2" coveredmethods="2"/>
          <line num="13" count="7" type="stmt"/>
          <line num="14" count="7" type="stmt"/>
          <line num="15" count="189" type="stmt"/>
          <line num="16" count="5103" type="cond" truecount="5" falsecount="0"/>
          <line num="18" count="7" type="stmt"/>
          <line num="19" count="5096" type="cond" truecount="4" falsecount="0"/>
          <line num="21" count="21" type="stmt"/>
          <line num="24" count="5075" type="stmt"/>
          <line num="28" count="7" type="stmt"/>
          <line num="32" count="6" type="stmt"/>
        </file>
        <file name="Cell.js" path="/Users/julianhinsch/Desktop/projects/react-snake/client/src/components/Cell.js">
          <metrics statements="1" coveredstatements="1" conditionals="0" coveredconditionals="0" methods="1" coveredmethods="1"/>
          <line num="11" count="2916" type="stmt"/>
        </file>
      </package>
    </metrics>
  </project>
</coverage>
