{"/Users/julianhinsch/Desktop/projects/react-snake/client/src/App.js": {"path":"/Users/julianhinsch/Desktop/projects/react-snake/client/src/App.js","statementMap":{"0":{"start":{"line":9,"column":8},"end":{"line":9,"column":21}},"1":{"start":{"line":10,"column":8},"end":{"line":24,"column":9}},"2":{"start":{"line":28,"column":8},"end":{"line":28,"column":65}},"3":{"start":{"line":32,"column":8},"end":{"line":32,"column":68}},"4":{"start":{"line":36,"column":8},"end":{"line":67,"column":9}},"5":{"start":{"line":39,"column":16},"end":{"line":39,"column":66}},"6":{"start":{"line":40,"column":16},"end":{"line":40,"column":22}},"7":{"start":{"line":43,"column":16},"end":{"line":45,"column":17}},"8":{"start":{"line":44,"column":20},"end":{"line":44,"column":55}},"9":{"start":{"line":46,"column":16},"end":{"line":46,"column":22}},"10":{"start":{"line":49,"column":16},"end":{"line":51,"column":17}},"11":{"start":{"line":50,"column":20},"end":{"line":50,"column":53}},"12":{"start":{"line":52,"column":16},"end":{"line":52,"column":22}},"13":{"start":{"line":55,"column":16},"end":{"line":57,"column":17}},"14":{"start":{"line":56,"column":20},"end":{"line":56,"column":56}},"15":{"start":{"line":58,"column":16},"end":{"line":58,"column":22}},"16":{"start":{"line":61,"column":16},"end":{"line":63,"column":17}},"17":{"start":{"line":62,"column":20},"end":{"line":62,"column":55}},"18":{"start":{"line":64,"column":16},"end":{"line":64,"column":22}},"19":{"start":{"line":66,"column":16},"end":{"line":66,"column":22}},"20":{"start":{"line":74,"column":22},"end":{"line":74,"column":64}},"21":{"start":{"line":75,"column":8},"end":{"line":86,"column":9}},"22":{"start":{"line":77,"column":16},"end":{"line":77,"column":58}},"23":{"start":{"line":79,"column":16},"end":{"line":79,"column":58}},"24":{"start":{"line":81,"column":16},"end":{"line":81,"column":58}},"25":{"start":{"line":83,"column":16},"end":{"line":83,"column":58}},"26":{"start":{"line":85,"column":16},"end":{"line":85,"column":58}},"27":{"start":{"line":96,"column":33},"end":{"line":96,"column":60}},"28":{"start":{"line":97,"column":30},"end":{"line":97,"column":48}},"29":{"start":{"line":98,"column":24},"end":{"line":98,"column":69}},"30":{"start":{"line":98,"column":39},"end":{"line":98,"column":68}},"31":{"start":{"line":100,"column":8},"end":{"line":106,"column":9}},"32":{"start":{"line":101,"column":12},"end":{"line":101,"column":27}},"33":{"start":{"line":102,"column":12},"end":{"line":102,"column":19}},"34":{"start":{"line":103,"column":15},"end":{"line":106,"column":9}},"35":{"start":{"line":104,"column":12},"end":{"line":104,"column":27}},"36":{"start":{"line":105,"column":12},"end":{"line":105,"column":19}},"37":{"start":{"line":108,"column":8},"end":{"line":108,"column":71}},"38":{"start":{"line":109,"column":8},"end":{"line":114,"column":9}},"39":{"start":{"line":111,"column":12},"end":{"line":111,"column":28}},"40":{"start":{"line":113,"column":12},"end":{"line":113,"column":37}},"41":{"start":{"line":115,"column":8},"end":{"line":115,"column":62}},"42":{"start":{"line":123,"column":33},"end":{"line":126,"column":9}},"43":{"start":{"line":127,"column":8},"end":{"line":132,"column":9}},"44":{"start":{"line":128,"column":12},"end":{"line":131,"column":13}},"45":{"start":{"line":133,"column":8},"end":{"line":133,"column":61}},"46":{"start":{"line":137,"column":25},"end":{"line":137,"column":59}},"47":{"start":{"line":138,"column":8},"end":{"line":152,"column":11}},"48":{"start":{"line":156,"column":8},"end":{"line":156,"column":45}},"49":{"start":{"line":157,"column":8},"end":{"line":160,"column":11}},"50":{"start":{"line":164,"column":8},"end":{"line":173,"column":10}}},"fnMap":{"0":{"name":"(anonymous_0)","decl":{"start":{"line":8,"column":4},"end":{"line":8,"column":5}},"loc":{"start":{"line":8,"column":23},"end":{"line":25,"column":5}},"line":8},"1":{"name":"(anonymous_1)","decl":{"start":{"line":27,"column":4},"end":{"line":27,"column":5}},"loc":{"start":{"line":27,"column":24},"end":{"line":29,"column":5}},"line":27},"2":{"name":"(anonymous_2)","decl":{"start":{"line":31,"column":4},"end":{"line":31,"column":5}},"loc":{"start":{"line":31,"column":27},"end":{"line":33,"column":5}},"line":31},"3":{"name":"(anonymous_3)","decl":{"start":{"line":35,"column":20},"end":{"line":35,"column":21}},"loc":{"start":{"line":35,"column":31},"end":{"line":68,"column":5}},"line":35},"4":{"name":"(anonymous_4)","decl":{"start":{"line":73,"column":18},"end":{"line":73,"column":19}},"loc":{"start":{"line":73,"column":24},"end":{"line":87,"column":5}},"line":73},"5":{"name":"(anonymous_5)","decl":{"start":{"line":95,"column":19},"end":{"line":95,"column":20}},"loc":{"start":{"line":95,"column":25},"end":{"line":116,"column":5}},"line":95},"6":{"name":"(anonymous_6)","decl":{"start":{"line":98,"column":24},"end":{"line":98,"column":25}},"loc":{"start":{"line":98,"column":39},"end":{"line":98,"column":68}},"line":98},"7":{"name":"(anonymous_7)","decl":{"start":{"line":122,"column":15},"end":{"line":122,"column":16}},"loc":{"start":{"line":122,"column":21},"end":{"line":134,"column":5}},"line":122},"8":{"name":"(anonymous_8)","decl":{"start":{"line":136,"column":19},"end":{"line":136,"column":20}},"loc":{"start":{"line":136,"column":25},"end":{"line":153,"column":5}},"line":136},"9":{"name":"(anonymous_9)","decl":{"start":{"line":155,"column":14},"end":{"line":155,"column":15}},"loc":{"start":{"line":155,"column":20},"end":{"line":161,"column":5}},"line":155},"10":{"name":"(anonymous_10)","decl":{"start":{"line":163,"column":4},"end":{"line":163,"column":5}},"loc":{"start":{"line":163,"column":13},"end":{"line":174,"column":5}},"line":163}},"branchMap":{"0":{"loc":{"start":{"line":36,"column":8},"end":{"line":67,"column":9}},"type":"switch","locations":[{"start":{"line":37,"column":12},"end":{"line":40,"column":22}},{"start":{"line":41,"column":12},"end":{"line":46,"column":22}},{"start":{"line":47,"column":12},"end":{"line":52,"column":22}},{"start":{"line":53,"column":12},"end":{"line":58,"column":22}},{"start":{"line":59,"column":12},"end":{"line":64,"column":22}},{"start":{"line":65,"column":12},"end":{"line":66,"column":22}}],"line":36},"1":{"loc":{"start":{"line":39,"column":16},"end":{"line":39,"column":65}},"type":"binary-expr","locations":[{"start":{"line":39,"column":16},"end":{"line":39,"column":42}},{"start":{"line":39,"column":46},"end":{"line":39,"column":65}}],"line":39},"2":{"loc":{"start":{"line":43,"column":16},"end":{"line":45,"column":17}},"type":"if","locations":[{"start":{"line":43,"column":16},"end":{"line":45,"column":17}},{"start":{"line":43,"column":16},"end":{"line":45,"column":17}}],"line":43},"3":{"loc":{"start":{"line":49,"column":16},"end":{"line":51,"column":17}},"type":"if","locations":[{"start":{"line":49,"column":16},"end":{"line":51,"column":17}},{"start":{"line":49,"column":16},"end":{"line":51,"column":17}}],"line":49},"4":{"loc":{"start":{"line":55,"column":16},"end":{"line":57,"column":17}},"type":"if","locations":[{"start":{"line":55,"column":16},"end":{"line":57,"column":17}},{"start":{"line":55,"column":16},"end":{"line":57,"column":17}}],"line":55},"5":{"loc":{"start":{"line":61,"column":16},"end":{"line":63,"column":17}},"type":"if","locations":[{"start":{"line":61,"column":16},"end":{"line":63,"column":17}},{"start":{"line":61,"column":16},"end":{"line":63,"column":17}}],"line":61},"6":{"loc":{"start":{"line":75,"column":8},"end":{"line":86,"column":9}},"type":"switch","locations":[{"start":{"line":76,"column":12},"end":{"line":77,"column":58}},{"start":{"line":78,"column":12},"end":{"line":79,"column":58}},{"start":{"line":80,"column":12},"end":{"line":81,"column":58}},{"start":{"line":82,"column":12},"end":{"line":83,"column":58}},{"start":{"line":84,"column":12},"end":{"line":85,"column":58}}],"line":75},"7":{"loc":{"start":{"line":98,"column":39},"end":{"line":98,"column":68}},"type":"binary-expr","locations":[{"start":{"line":98,"column":39},"end":{"line":98,"column":51}},{"start":{"line":98,"column":55},"end":{"line":98,"column":68}}],"line":98},"8":{"loc":{"start":{"line":100,"column":8},"end":{"line":106,"column":9}},"type":"if","locations":[{"start":{"line":100,"column":8},"end":{"line":106,"column":9}},{"start":{"line":100,"column":8},"end":{"line":106,"column":9}}],"line":100},"9":{"loc":{"start":{"line":100,"column":12},"end":{"line":100,"column":72}},"type":"binary-expr","locations":[{"start":{"line":100,"column":12},"end":{"line":100,"column":40}},{"start":{"line":100,"column":44},"end":{"line":100,"column":72}}],"line":100},"10":{"loc":{"start":{"line":103,"column":15},"end":{"line":106,"column":9}},"type":"if","locations":[{"start":{"line":103,"column":15},"end":{"line":106,"column":9}},{"start":{"line":103,"column":15},"end":{"line":106,"column":9}}],"line":103},"11":{"loc":{"start":{"line":109,"column":8},"end":{"line":114,"column":9}},"type":"if","locations":[{"start":{"line":109,"column":8},"end":{"line":114,"column":9}},{"start":{"line":109,"column":8},"end":{"line":114,"column":9}}],"line":109}},"s":{"0":1,"1":1,"2":1,"3":1,"4":0,"5":0,"6":0,"7":0,"8":0,"9":0,"10":0,"11":0,"12":0,"13":0,"14":0,"15":0,"16":0,"17":0,"18":0,"19":0,"20":0,"21":0,"22":0,"23":0,"24":0,"25":0,"26":0,"27":0,"28":0,"29":0,"30":0,"31":0,"32":0,"33":0,"34":0,"35":0,"36":0,"37":0,"38":0,"39":0,"40":0,"41":0,"42":0,"43":0,"44":0,"45":0,"46":0,"47":0,"48":0,"49":0,"50":1},"f":{"0":1,"1":1,"2":1,"3":0,"4":0,"5":0,"6":0,"7":0,"8":0,"9":0,"10":1},"b":{"0":[0,0,0,0,0,0],"1":[0,0],"2":[0,0],"3":[0,0],"4":[0,0],"5":[0,0],"6":[0,0,0,0,0],"7":[0,0],"8":[0,0],"9":[0,0],"10":[0,0],"11":[0,0]},"_coverageSchema":"332fd63041d2c1bcb487cc26dd0d5f7d97098a6c","hash":"5d2b77c7915bb7b6d0f232702f0eecb8571347a7"}
,"/Users/julianhinsch/Desktop/projects/react-snake/client/src/setupTests.js": {"path":"/Users/julianhinsch/Desktop/projects/react-snake/client/src/setupTests.js","statementMap":{"0":{"start":{"line":4,"column":0},"end":{"line":4,"column":38}}},"fnMap":{},"branchMap":{},"s":{"0":2},"f":{},"b":{},"_coverageSchema":"332fd63041d2c1bcb487cc26dd0d5f7d97098a6c","hash":"9ca9508929ae16be3568c29db8dfb8e4583723c4"}
,"/Users/julianhinsch/Desktop/projects/react-snake/client/src/components/Board.js": {"path":"/Users/julianhinsch/Desktop/projects/react-snake/client/src/components/Board.js","statementMap":{"0":{"start":{"line":13,"column":24},"end":{"line":13,"column":26}},"1":{"start":{"line":14,"column":8},"end":{"line":27,"column":9}},"2":{"start":{"line":15,"column":12},"end":{"line":26,"column":13}},"3":{"start":{"line":16,"column":16},"end":{"line":25,"column":17}},"4":{"start":{"line":18,"column":20},"end":{"line":18,"column":76}},"5":{"start":{"line":19,"column":23},"end":{"line":25,"column":17}},"6":{"start":{"line":21,"column":20},"end":{"line":21,"column":76}},"7":{"start":{"line":24,"column":20},"end":{"line":24,"column":76}},"8":{"start":{"line":28,"column":8},"end":{"line":28,"column":25}},"9":{"start":{"line":32,"column":8},"end":{"line":36,"column":9}}},"fnMap":{"0":{"name":"(anonymous_0)","decl":{"start":{"line":12,"column":18},"end":{"line":12,"column":19}},"loc":{"start":{"line":12,"column":24},"end":{"line":29,"column":5}},"line":12},"1":{"name":"(anonymous_1)","decl":{"start":{"line":31,"column":4},"end":{"line":31,"column":5}},"loc":{"start":{"line":31,"column":13},"end":{"line":37,"column":5}},"line":31}},"branchMap":{"0":{"loc":{"start":{"line":16,"column":16},"end":{"line":25,"column":17}},"type":"if","locations":[{"start":{"line":16,"column":16},"end":{"line":25,"column":17}},{"start":{"line":16,"column":16},"end":{"line":25,"column":17}}],"line":16},"1":{"loc":{"start":{"line":16,"column":20},"end":{"line":16,"column":122}},"type":"binary-expr","locations":[{"start":{"line":16,"column":20},"end":{"line":16,"column":46}},{"start":{"line":16,"column":50},"end":{"line":16,"column":84}},{"start":{"line":16,"column":88},"end":{"line":16,"column":122}}],"line":16},"2":{"loc":{"start":{"line":19,"column":23},"end":{"line":25,"column":17}},"type":"if","locations":[{"start":{"line":19,"column":23},"end":{"line":25,"column":17}},{"start":{"line":19,"column":23},"end":{"line":25,"column":17}}],"line":19},"3":{"loc":{"start":{"line":19,"column":27},"end":{"line":19,"column":124}},"type":"binary-expr","locations":[{"start":{"line":19,"column":27},"end":{"line":19,"column":54}},{"start":{"line":19,"column":58},"end":{"line":19,"column":124}}],"line":19}},"s":{"0":7,"1":7,"2":189,"3":5103,"4":7,"5":5096,"6":21,"7":5075,"8":7,"9":6},"f":{"0":7,"1":6},"b":{"0":[7,5096],"1":[5103,5103,189],"2":[21,5075],"3":[5096,5096]},"_coverageSchema":"332fd63041d2c1bcb487cc26dd0d5f7d97098a6c","hash":"112da2cff708fcb968fb17bd642c25fbcde32f46"}
,"/Users/julianhinsch/Desktop/projects/react-snake/client/src/components/Cell.js": {"path":"/Users/julianhinsch/Desktop/projects/react-snake/client/src/components/Cell.js","statementMap":{"0":{"start":{"line":11,"column":8},"end":{"line":14,"column":9}}},"fnMap":{"0":{"name":"(anonymous_0)","decl":{"start":{"line":10,"column":4},"end":{"line":10,"column":5}},"loc":{"start":{"line":10,"column":13},"end":{"line":15,"column":5}},"line":10}},"branchMap":{},"s":{"0":2916},"f":{"0":2916},"b":{},"_coverageSchema":"332fd63041d2c1bcb487cc26dd0d5f7d97098a6c","hash":"340a1df6ea8cb3d426784d092d8b3cf983a48428"}
}
