{"/Users/julianhinsch/Desktop/projects/react-snake/client/src/App.js": {"path":"/Users/julianhinsch/Desktop/projects/react-snake/client/src/App.js","statementMap":{"0":{"start":{"line":7,"column":8},"end":{"line":7,"column":21}},"1":{"start":{"line":8,"column":8},"end":{"line":23,"column":9}},"2":{"start":{"line":27,"column":8},"end":{"line":27,"column":65}},"3":{"start":{"line":31,"column":8},"end":{"line":31,"column":68}},"4":{"start":{"line":35,"column":25},"end":{"line":35,"column":59}},"5":{"start":{"line":36,"column":8},"end":{"line":50,"column":11}},"6":{"start":{"line":54,"column":8},"end":{"line":85,"column":9}},"7":{"start":{"line":57,"column":16},"end":{"line":57,"column":66}},"8":{"start":{"line":58,"column":16},"end":{"line":58,"column":22}},"9":{"start":{"line":61,"column":16},"end":{"line":63,"column":17}},"10":{"start":{"line":62,"column":20},"end":{"line":62,"column":82}},"11":{"start":{"line":64,"column":16},"end":{"line":64,"column":22}},"12":{"start":{"line":67,"column":16},"end":{"line":69,"column":17}},"13":{"start":{"line":68,"column":20},"end":{"line":68,"column":80}},"14":{"start":{"line":70,"column":16},"end":{"line":70,"column":22}},"15":{"start":{"line":73,"column":16},"end":{"line":75,"column":17}},"16":{"start":{"line":74,"column":20},"end":{"line":74,"column":83}},"17":{"start":{"line":76,"column":16},"end":{"line":76,"column":22}},"18":{"start":{"line":79,"column":16},"end":{"line":81,"column":17}},"19":{"start":{"line":80,"column":20},"end":{"line":80,"column":82}},"20":{"start":{"line":82,"column":16},"end":{"line":82,"column":22}},"21":{"start":{"line":84,"column":16},"end":{"line":84,"column":22}},"22":{"start":{"line":92,"column":30},"end":{"line":92,"column":72}},"23":{"start":{"line":93,"column":8},"end":{"line":104,"column":9}},"24":{"start":{"line":95,"column":16},"end":{"line":95,"column":74}},"25":{"start":{"line":97,"column":16},"end":{"line":97,"column":74}},"26":{"start":{"line":99,"column":16},"end":{"line":99,"column":74}},"27":{"start":{"line":101,"column":16},"end":{"line":101,"column":74}},"28":{"start":{"line":103,"column":16},"end":{"line":103,"column":74}},"29":{"start":{"line":113,"column":33},"end":{"line":113,"column":60}},"30":{"start":{"line":114,"column":30},"end":{"line":114,"column":48}},"31":{"start":{"line":115,"column":21},"end":{"line":115,"column":67}},"32":{"start":{"line":115,"column":36},"end":{"line":115,"column":66}},"33":{"start":{"line":117,"column":8},"end":{"line":125,"column":9}},"34":{"start":{"line":119,"column":12},"end":{"line":119,"column":27}},"35":{"start":{"line":120,"column":12},"end":{"line":120,"column":19}},"36":{"start":{"line":121,"column":15},"end":{"line":125,"column":9}},"37":{"start":{"line":123,"column":12},"end":{"line":123,"column":27}},"38":{"start":{"line":124,"column":12},"end":{"line":124,"column":19}},"39":{"start":{"line":127,"column":8},"end":{"line":127,"column":68}},"40":{"start":{"line":128,"column":8},"end":{"line":133,"column":9}},"41":{"start":{"line":130,"column":12},"end":{"line":130,"column":28}},"42":{"start":{"line":132,"column":12},"end":{"line":132,"column":37}},"43":{"start":{"line":134,"column":8},"end":{"line":134,"column":90}},"44":{"start":{"line":142,"column":33},"end":{"line":145,"column":9}},"45":{"start":{"line":146,"column":8},"end":{"line":151,"column":9}},"46":{"start":{"line":147,"column":12},"end":{"line":150,"column":13}},"47":{"start":{"line":152,"column":8},"end":{"line":152,"column":61}},"48":{"start":{"line":156,"column":8},"end":{"line":156,"column":45}},"49":{"start":{"line":157,"column":8},"end":{"line":157,"column":59}},"50":{"start":{"line":161,"column":8},"end":{"line":182,"column":10}}},"fnMap":{"0":{"name":"(anonymous_0)","decl":{"start":{"line":6,"column":4},"end":{"line":6,"column":5}},"loc":{"start":{"line":6,"column":23},"end":{"line":24,"column":5}},"line":6},"1":{"name":"(anonymous_1)","decl":{"start":{"line":26,"column":4},"end":{"line":26,"column":5}},"loc":{"start":{"line":26,"column":24},"end":{"line":28,"column":5}},"line":26},"2":{"name":"(anonymous_2)","decl":{"start":{"line":30,"column":4},"end":{"line":30,"column":5}},"loc":{"start":{"line":30,"column":27},"end":{"line":32,"column":5}},"line":30},"3":{"name":"(anonymous_3)","decl":{"start":{"line":34,"column":19},"end":{"line":34,"column":20}},"loc":{"start":{"line":34,"column":25},"end":{"line":51,"column":5}},"line":34},"4":{"name":"(anonymous_4)","decl":{"start":{"line":53,"column":20},"end":{"line":53,"column":21}},"loc":{"start":{"line":53,"column":31},"end":{"line":86,"column":5}},"line":53},"5":{"name":"(anonymous_5)","decl":{"start":{"line":91,"column":18},"end":{"line":91,"column":19}},"loc":{"start":{"line":91,"column":24},"end":{"line":105,"column":5}},"line":91},"6":{"name":"(anonymous_6)","decl":{"start":{"line":112,"column":19},"end":{"line":112,"column":20}},"loc":{"start":{"line":112,"column":25},"end":{"line":135,"column":5}},"line":112},"7":{"name":"(anonymous_7)","decl":{"start":{"line":115,"column":21},"end":{"line":115,"column":22}},"loc":{"start":{"line":115,"column":36},"end":{"line":115,"column":66}},"line":115},"8":{"name":"(anonymous_8)","decl":{"start":{"line":141,"column":15},"end":{"line":141,"column":16}},"loc":{"start":{"line":141,"column":21},"end":{"line":153,"column":5}},"line":141},"9":{"name":"(anonymous_9)","decl":{"start":{"line":155,"column":14},"end":{"line":155,"column":15}},"loc":{"start":{"line":155,"column":20},"end":{"line":158,"column":5}},"line":155},"10":{"name":"(anonymous_10)","decl":{"start":{"line":160,"column":4},"end":{"line":160,"column":5}},"loc":{"start":{"line":160,"column":13},"end":{"line":183,"column":5}},"line":160}},"branchMap":{"0":{"loc":{"start":{"line":54,"column":8},"end":{"line":85,"column":9}},"type":"switch","locations":[{"start":{"line":56,"column":12},"end":{"line":58,"column":22}},{"start":{"line":60,"column":12},"end":{"line":64,"column":22}},{"start":{"line":66,"column":12},"end":{"line":70,"column":22}},{"start":{"line":72,"column":12},"end":{"line":76,"column":22}},{"start":{"line":78,"column":12},"end":{"line":82,"column":22}},{"start":{"line":83,"column":12},"end":{"line":84,"column":22}}],"line":54},"1":{"loc":{"start":{"line":57,"column":16},"end":{"line":57,"column":65}},"type":"binary-expr","locations":[{"start":{"line":57,"column":16},"end":{"line":57,"column":42}},{"start":{"line":57,"column":46},"end":{"line":57,"column":65}}],"line":57},"2":{"loc":{"start":{"line":61,"column":16},"end":{"line":63,"column":17}},"type":"if","locations":[{"start":{"line":61,"column":16},"end":{"line":63,"column":17}},{"start":{"line":61,"column":16},"end":{"line":63,"column":17}}],"line":61},"3":{"loc":{"start":{"line":61,"column":20},"end":{"line":61,"column":87}},"type":"binary-expr","locations":[{"start":{"line":61,"column":20},"end":{"line":61,"column":51}},{"start":{"line":61,"column":55},"end":{"line":61,"column":87}}],"line":61},"4":{"loc":{"start":{"line":67,"column":16},"end":{"line":69,"column":17}},"type":"if","locations":[{"start":{"line":67,"column":16},"end":{"line":69,"column":17}},{"start":{"line":67,"column":16},"end":{"line":69,"column":17}}],"line":67},"5":{"loc":{"start":{"line":67,"column":20},"end":{"line":67,"column":86}},"type":"binary-expr","locations":[{"start":{"line":67,"column":20},"end":{"line":67,"column":51}},{"start":{"line":67,"column":55},"end":{"line":67,"column":86}}],"line":67},"6":{"loc":{"start":{"line":73,"column":16},"end":{"line":75,"column":17}},"type":"if","locations":[{"start":{"line":73,"column":16},"end":{"line":75,"column":17}},{"start":{"line":73,"column":16},"end":{"line":75,"column":17}}],"line":73},"7":{"loc":{"start":{"line":73,"column":20},"end":{"line":73,"column":86}},"type":"binary-expr","locations":[{"start":{"line":73,"column":20},"end":{"line":73,"column":51}},{"start":{"line":73,"column":55},"end":{"line":73,"column":86}}],"line":73},"8":{"loc":{"start":{"line":79,"column":16},"end":{"line":81,"column":17}},"type":"if","locations":[{"start":{"line":79,"column":16},"end":{"line":81,"column":17}},{"start":{"line":79,"column":16},"end":{"line":81,"column":17}}],"line":79},"9":{"loc":{"start":{"line":79,"column":20},"end":{"line":79,"column":84}},"type":"binary-expr","locations":[{"start":{"line":79,"column":20},"end":{"line":79,"column":51}},{"start":{"line":79,"column":55},"end":{"line":79,"column":84}}],"line":79},"10":{"loc":{"start":{"line":93,"column":8},"end":{"line":104,"column":9}},"type":"switch","locations":[{"start":{"line":94,"column":12},"end":{"line":95,"column":74}},{"start":{"line":96,"column":12},"end":{"line":97,"column":74}},{"start":{"line":98,"column":12},"end":{"line":99,"column":74}},{"start":{"line":100,"column":12},"end":{"line":101,"column":74}},{"start":{"line":102,"column":12},"end":{"line":103,"column":74}}],"line":93},"11":{"loc":{"start":{"line":115,"column":36},"end":{"line":115,"column":66}},"type":"binary-expr","locations":[{"start":{"line":115,"column":36},"end":{"line":115,"column":48}},{"start":{"line":115,"column":52},"end":{"line":115,"column":66}}],"line":115},"12":{"loc":{"start":{"line":117,"column":8},"end":{"line":125,"column":9}},"type":"if","locations":[{"start":{"line":117,"column":8},"end":{"line":125,"column":9}},{"start":{"line":117,"column":8},"end":{"line":125,"column":9}}],"line":117},"13":{"loc":{"start":{"line":117,"column":12},"end":{"line":117,"column":66}},"type":"binary-expr","locations":[{"start":{"line":117,"column":12},"end":{"line":117,"column":37}},{"start":{"line":117,"column":41},"end":{"line":117,"column":66}}],"line":117},"14":{"loc":{"start":{"line":121,"column":15},"end":{"line":125,"column":9}},"type":"if","locations":[{"start":{"line":121,"column":15},"end":{"line":125,"column":9}},{"start":{"line":121,"column":15},"end":{"line":125,"column":9}}],"line":121},"15":{"loc":{"start":{"line":128,"column":8},"end":{"line":133,"column":9}},"type":"if","locations":[{"start":{"line":128,"column":8},"end":{"line":133,"column":9}},{"start":{"line":128,"column":8},"end":{"line":133,"column":9}}],"line":128},"16":{"loc":{"start":{"line":167,"column":21},"end":{"line":169,"column":21}},"type":"binary-expr","locations":[{"start":{"line":167,"column":21},"end":{"line":167,"column":47}},{"start":{"line":167,"column":51},"end":{"line":167,"column":67}},{"start":{"line":168,"column":24},"end":{"line":168,"column":51}}],"line":167},"17":{"loc":{"start":{"line":170,"column":21},"end":{"line":179,"column":21}},"type":"binary-expr","locations":[{"start":{"line":170,"column":21},"end":{"line":170,"column":36}},{"start":{"line":171,"column":24},"end":{"line":178,"column":28}}],"line":170}},"s":{"0":1,"1":1,"2":1,"3":1,"4":0,"5":0,"6":0,"7":0,"8":0,"9":0,"10":0,"11":0,"12":0,"13":0,"14":0,"15":0,"16":0,"17":0,"18":0,"19":0,"20":0,"21":0,"22":0,"23":0,"24":0,"25":0,"26":0,"27":0,"28":0,"29":0,"30":0,"31":0,"32":0,"33":0,"34":0,"35":0,"36":0,"37":0,"38":0,"39":0,"40":0,"41":0,"42":0,"43":0,"44":0,"45":0,"46":0,"47":0,"48":0,"49":0,"50":1},"f":{"0":1,"1":1,"2":1,"3":0,"4":0,"5":0,"6":0,"7":0,"8":0,"9":0,"10":1},"b":{"0":[0,0,0,0,0,0],"1":[0,0],"2":[0,0],"3":[0,0],"4":[0,0],"5":[0,0],"6":[0,0],"7":[0,0],"8":[0,0],"9":[0,0],"10":[0,0,0,0,0],"11":[0,0],"12":[0,0],"13":[0,0],"14":[0,0],"15":[0,0],"16":[1,1,1],"17":[1,0]},"_coverageSchema":"332fd63041d2c1bcb487cc26dd0d5f7d97098a6c","hash":"4003f8516d6c8aa4d1ceb142717008994f6a4bf2"}
,"/Users/julianhinsch/Desktop/projects/react-snake/client/src/setupTests.js": {"path":"/Users/julianhinsch/Desktop/projects/react-snake/client/src/setupTests.js","statementMap":{"0":{"start":{"line":4,"column":0},"end":{"line":4,"column":38}}},"fnMap":{},"branchMap":{},"s":{"0":1},"f":{},"b":{},"_coverageSchema":"332fd63041d2c1bcb487cc26dd0d5f7d97098a6c","hash":"9ca9508929ae16be3568c29db8dfb8e4583723c4"}
,"/Users/julianhinsch/Desktop/projects/react-snake/client/src/components/Board.js": {"path":"/Users/julianhinsch/Desktop/projects/react-snake/client/src/components/Board.js","statementMap":{"0":{"start":{"line":13,"column":24},"end":{"line":13,"column":26}},"1":{"start":{"line":14,"column":8},"end":{"line":27,"column":9}},"2":{"start":{"line":15,"column":12},"end":{"line":26,"column":13}},"3":{"start":{"line":16,"column":16},"end":{"line":25,"column":17}},"4":{"start":{"line":18,"column":20},"end":{"line":18,"column":76}},"5":{"start":{"line":19,"column":23},"end":{"line":25,"column":17}},"6":{"start":{"line":21,"column":20},"end":{"line":21,"column":76}},"7":{"start":{"line":24,"column":20},"end":{"line":24,"column":76}},"8":{"start":{"line":28,"column":8},"end":{"line":28,"column":25}},"9":{"start":{"line":32,"column":8},"end":{"line":36,"column":9}}},"fnMap":{"0":{"name":"(anonymous_0)","decl":{"start":{"line":12,"column":18},"end":{"line":12,"column":19}},"loc":{"start":{"line":12,"column":24},"end":{"line":29,"column":5}},"line":12},"1":{"name":"(anonymous_1)","decl":{"start":{"line":31,"column":4},"end":{"line":31,"column":5}},"loc":{"start":{"line":31,"column":13},"end":{"line":37,"column":5}},"line":31}},"branchMap":{"0":{"loc":{"start":{"line":16,"column":16},"end":{"line":25,"column":17}},"type":"if","locations":[{"start":{"line":16,"column":16},"end":{"line":25,"column":17}},{"start":{"line":16,"column":16},"end":{"line":25,"column":17}}],"line":16},"1":{"loc":{"start":{"line":16,"column":20},"end":{"line":16,"column":122}},"type":"binary-expr","locations":[{"start":{"line":16,"column":20},"end":{"line":16,"column":46}},{"start":{"line":16,"column":50},"end":{"line":16,"column":84}},{"start":{"line":16,"column":88},"end":{"line":16,"column":122}}],"line":16},"2":{"loc":{"start":{"line":19,"column":23},"end":{"line":25,"column":17}},"type":"if","locations":[{"start":{"line":19,"column":23},"end":{"line":25,"column":17}},{"start":{"line":19,"column":23},"end":{"line":25,"column":17}}],"line":19},"3":{"loc":{"start":{"line":19,"column":27},"end":{"line":19,"column":124}},"type":"binary-expr","locations":[{"start":{"line":19,"column":27},"end":{"line":19,"column":54}},{"start":{"line":19,"column":58},"end":{"line":19,"column":124}}],"line":19}},"s":{"0":1,"1":1,"2":27,"3":729,"4":1,"5":728,"6":3,"7":725,"8":1,"9":1},"f":{"0":1,"1":1},"b":{"0":[1,728],"1":[729,729,27],"2":[3,725],"3":[728,728]},"_coverageSchema":"332fd63041d2c1bcb487cc26dd0d5f7d97098a6c","hash":"112da2cff708fcb968fb17bd642c25fbcde32f46"}
,"/Users/julianhinsch/Desktop/projects/react-snake/client/src/components/Cell.js": {"path":"/Users/julianhinsch/Desktop/projects/react-snake/client/src/components/Cell.js","statementMap":{"0":{"start":{"line":11,"column":8},"end":{"line":14,"column":9}}},"fnMap":{"0":{"name":"(anonymous_0)","decl":{"start":{"line":10,"column":4},"end":{"line":10,"column":5}},"loc":{"start":{"line":10,"column":13},"end":{"line":15,"column":5}},"line":10}},"branchMap":{},"s":{"0":729},"f":{"0":729},"b":{},"_coverageSchema":"332fd63041d2c1bcb487cc26dd0d5f7d97098a6c","hash":"340a1df6ea8cb3d426784d092d8b3cf983a48428"}
}
