TN:
SF:/Users/julianhinsch/Desktop/projects/react-snake/client/src/App.js
FN:8,(anonymous_0)
FN:27,(anonymous_1)
FN:31,(anonymous_2)
FN:35,(anonymous_3)
FN:73,(anonymous_4)
FN:95,(anonymous_5)
FN:98,(anonymous_6)
FN:122,(anonymous_7)
FN:136,(anonymous_8)
FN:155,(anonymous_9)
FN:163,(anonymous_10)
FNF:11
FNH:4
FNDA:1,(anonymous_0)
FNDA:1,(anonymous_1)
FNDA:1,(anonymous_2)
FNDA:0,(anonymous_3)
FNDA:0,(anonymous_4)
FNDA:0,(anonymous_5)
FNDA:0,(anonymous_6)
FNDA:0,(anonymous_7)
FNDA:0,(anonymous_8)
FNDA:0,(anonymous_9)
FNDA:1,(anonymous_10)
DA:9,1
DA:10,1
DA:28,1
DA:32,1
DA:36,0
DA:39,0
DA:40,0
DA:43,0
DA:44,0
DA:46,0
DA:49,0
DA:50,0
DA:52,0
DA:55,0
DA:56,0
DA:58,0
DA:61,0
DA:62,0
DA:64,0
DA:66,0
DA:74,0
DA:75,0
DA:77,0
DA:79,0
DA:81,0
DA:83,0
DA:85,0
DA:96,0
DA:97,0
DA:98,0
DA:100,0
DA:101,0
DA:102,0
DA:103,0
DA:104,0
DA:105,0
DA:108,0
DA:109,0
DA:111,0
DA:113,0
DA:115,0
DA:123,0
DA:127,0
DA:128,0
DA:133,0
DA:137,0
DA:138,0
DA:156,0
DA:157,0
DA:164,1
LF:50
LH:5
BRDA:36,0,0,0
BRDA:36,0,1,0
BRDA:36,0,2,0
BRDA:36,0,3,0
BRDA:36,0,4,0
BRDA:36,0,5,0
BRDA:39,1,0,0
BRDA:39,1,1,0
BRDA:43,2,0,0
BRDA:43,2,1,0
BRDA:49,3,0,0
BRDA:49,3,1,0
BRDA:55,4,0,0
BRDA:55,4,1,0
BRDA:61,5,0,0
BRDA:61,5,1,0
BRDA:75,6,0,0
BRDA:75,6,1,0
BRDA:75,6,2,0
BRDA:75,6,3,0
BRDA:75,6,4,0
BRDA:98,7,0,0
BRDA:98,7,1,0
BRDA:100,8,0,0
BRDA:100,8,1,0
BRDA:100,9,0,0
BRDA:100,9,1,0
BRDA:103,10,0,0
BRDA:103,10,1,0
BRDA:109,11,0,0
BRDA:109,11,1,0
BRF:31
BRH:0
end_of_record
TN:
SF:/Users/julianhinsch/Desktop/projects/react-snake/client/src/setupTests.js
FNF:0
FNH:0
DA:4,2
LF:1
LH:1
BRF:0
BRH:0
end_of_record
TN:
SF:/Users/julianhinsch/Desktop/projects/react-snake/client/src/components/Board.js
FN:12,(anonymous_0)
FN:31,(anonymous_1)
FNF:2
FNH:2
FNDA:7,(anonymous_0)
FNDA:6,(anonymous_1)
DA:13,7
DA:14,7
DA:15,189
DA:16,5103
DA:18,7
DA:19,5096
DA:21,21
DA:24,5075
DA:28,7
DA:32,6
LF:10
LH:10
BRDA:16,0,0,7
BRDA:16,0,1,5096
BRDA:16,1,0,5103
BRDA:16,1,1,5103
BRDA:16,1,2,189
BRDA:19,2,0,21
BRDA:19,2,1,5075
BRDA:19,3,0,5096
BRDA:19,3,1,5096
BRF:9
BRH:9
end_of_record
TN:
SF:/Users/julianhinsch/Desktop/projects/react-snake/client/src/components/Cell.js
FN:10,(anonymous_0)
FNF:1
FNH:1
FNDA:2916,(anonymous_0)
DA:11,2916
LF:1
LH:1
BRF:0
BRH:0
end_of_record
