TN:
SF:/Users/julianhinsch/Desktop/projects/react-snake/client/src/App.js
FN:6,(anonymous_0)
FN:26,(anonymous_1)
FN:30,(anonymous_2)
FN:34,(anonymous_3)
FN:53,(anonymous_4)
FN:91,(anonymous_5)
FN:112,(anonymous_6)
FN:115,(anonymous_7)
FN:141,(anonymous_8)
FN:155,(anonymous_9)
FN:160,(anonymous_10)
FNF:11
FNH:4
FNDA:1,(anonymous_0)
FNDA:1,(anonymous_1)
FNDA:1,(anonymous_2)
FNDA:0,(anonymous_3)
FNDA:0,(anonymous_4)
FNDA:0,(anonymous_5)
FNDA:0,(anonymous_6)
FNDA:0,(anonymous_7)
FNDA:0,(anonymous_8)
FNDA:0,(anonymous_9)
FNDA:1,(anonymous_10)
DA:7,1
DA:8,1
DA:27,1
DA:31,1
DA:35,0
DA:36,0
DA:54,0
DA:57,0
DA:58,0
DA:61,0
DA:62,0
DA:64,0
DA:67,0
DA:68,0
DA:70,0
DA:73,0
DA:74,0
DA:76,0
DA:79,0
DA:80,0
DA:82,0
DA:84,0
DA:92,0
DA:93,0
DA:95,0
DA:97,0
DA:99,0
DA:101,0
DA:103,0
DA:113,0
DA:114,0
DA:115,0
DA:117,0
DA:119,0
DA:120,0
DA:121,0
DA:123,0
DA:124,0
DA:127,0
DA:128,0
DA:130,0
DA:132,0
DA:134,0
DA:142,0
DA:146,0
DA:147,0
DA:152,0
DA:156,0
DA:157,0
DA:161,1
LF:50
LH:5
BRDA:54,0,0,0
BRDA:54,0,1,0
BRDA:54,0,2,0
BRDA:54,0,3,0
BRDA:54,0,4,0
BRDA:54,0,5,0
BRDA:57,1,0,0
BRDA:57,1,1,0
BRDA:61,2,0,0
BRDA:61,2,1,0
BRDA:61,3,0,0
BRDA:61,3,1,0
BRDA:67,4,0,0
BRDA:67,4,1,0
BRDA:67,5,0,0
BRDA:67,5,1,0
BRDA:73,6,0,0
BRDA:73,6,1,0
BRDA:73,7,0,0
BRDA:73,7,1,0
BRDA:79,8,0,0
BRDA:79,8,1,0
BRDA:79,9,0,0
BRDA:79,9,1,0
BRDA:93,10,0,0
BRDA:93,10,1,0
BRDA:93,10,2,0
BRDA:93,10,3,0
BRDA:93,10,4,0
BRDA:115,11,0,0
BRDA:115,11,1,0
BRDA:117,12,0,0
BRDA:117,12,1,0
BRDA:117,13,0,0
BRDA:117,13,1,0
BRDA:121,14,0,0
BRDA:121,14,1,0
BRDA:128,15,0,0
BRDA:128,15,1,0
BRDA:167,16,0,1
BRDA:167,16,1,1
BRDA:167,16,2,1
BRDA:170,17,0,1
BRDA:170,17,1,0
BRF:44
BRH:4
end_of_record
TN:
SF:/Users/julianhinsch/Desktop/projects/react-snake/client/src/setupTests.js
FNF:0
FNH:0
DA:4,1
LF:1
LH:1
BRF:0
BRH:0
end_of_record
TN:
SF:/Users/julianhinsch/Desktop/projects/react-snake/client/src/components/Board.js
FN:12,(anonymous_0)
FN:31,(anonymous_1)
FNF:2
FNH:2
FNDA:1,(anonymous_0)
FNDA:1,(anonymous_1)
DA:13,1
DA:14,1
DA:15,27
DA:16,729
DA:18,1
DA:19,728
DA:21,3
DA:24,725
DA:28,1
DA:32,1
LF:10
LH:10
BRDA:16,0,0,1
BRDA:16,0,1,728
BRDA:16,1,0,729
BRDA:16,1,1,729
BRDA:16,1,2,27
BRDA:19,2,0,3
BRDA:19,2,1,725
BRDA:19,3,0,728
BRDA:19,3,1,728
BRF:9
BRH:9
end_of_record
TN:
SF:/Users/julianhinsch/Desktop/projects/react-snake/client/src/components/Cell.js
FN:10,(anonymous_0)
FNF:1
FNH:1
FNDA:729,(anonymous_0)
DA:11,729
LF:1
LH:1
BRF:0
BRH:0
end_of_record
